6000 0 0 25726 1200 17.97
6000 0 1 70 3000 17.97
6000 0 2 43 6000 17.97
6000 1 0 571 1200 16.77
6000 1 1 520 3000 17.01
6000 1 2 127 6000 17.06
6000 2 0 1369 1200 15.98
6000 2 1 838 3000 16.26
6000 2 2 139 6000 16.29
6000 3 0 1555 1200 15.19
6000 3 1 1884 3000 15.76
6000 3 2 195 6000 15.81
6000 4 0 2503 1200 14.49
6000 4 1 2253 3000 15.15
6000 4 2 275 6000 15.22
6000 5 0 2411 1200 14.52
6000 5 1 2997 3000 15.40
6000 5 2 241 6000 15.46
6000 6 0 4964 1200 14.22
6000 6 1 2727 3000 15.32
6000 6 2 197 6000 15.42
6000 7 0 6655 1200 14.59
6000 7 1 3718 3000 15.43
6000 7 2 217 6000 15.46
6000 8 0 2007 1200 13.81
6000 8 1 7852 3000 15.50
6000 8 2 166 6000 15.52
6000 9 0 4363 1200 14.00
6000 9 1 6544 3000 15.88
6000 9 2 244 6000 15.91
6000 10 0 12109 1200 14.01
6000 10 1 9608 3000 15.95
6000 10 2 3286 6000 16.45
6000 11 0 2068 1200 14.20
6000 11 1 4115 3000 16.26
6000 11 2 1299 6000 16.72
6000 12 0 4340 1200 14.40
6000 12 1 6276 3000 16.27
6000 12 2 6640 6000 17.29
6000 13 0 4217 1200 14.86
6000 13 1 6944 3000 17.02
6000 13 2 1617 6000 17.59
6000 14 0 6787 1200 14.94
6000 14 1 11315 3000 17.44
6000 14 2 7224 6000 18.41
6000 15 0 2306 1200 14.89
6000 15 1 5021 3000 17.48
6000 15 2 4842 6000 18.58
6000 16 0 4699 1200 14.84
6000 16 1 11550 3000 17.39
6000 16 2 17186 6000 19.40
6000 17 0 5341 1200 15.21
6000 17 1 5378 3000 17.46
6000 17 2 11441 6000 19.71
6000 18 0 3056 1200 15.21
6000 18 1 6462 3000 17.64
6000 18 2 11108 6000 19.97
6000 19 0 11096 1200 15.45
6000 19 1 11007 3000 17.79
6000 19 2 20391 6000 20.31
6000 20 0 15674 1200 16.04
6000 20 1 10046 3000 17.61
6000 20 2 28022 6000 20.82
6000 21 0 5166 1200 16.13
6000 21 1 6101 3000 17.75
6000 21 2 10879 6000 20.71
6000 22 0 2561 1200 15.39
6000 22 1 10320 3000 18.06
6000 22 2 12228 6000 20.60
6000 23 0 3081 1200 15.36
6000 23 1 7285 3000 18.06
6000 23 2 13202 6000 20.64
6000 24 0 5824 1200 14.38
6000 24 1 14244 3000 17.29
6000 24 2 28854 6000 20.98
6000 25 0 2126 1200 14.62
6000 25 1 4020 3000 17.55
6000 25 2 8240 6000 21.05
6000 26 0 4490 1200 14.81
6000 26 1 8648 3000 17.71
6000 26 2 14848 6000 20.90
6000 27 0 9298 1200 14.56
6000 27 1 12329 3000 17.52
6000 27 2 23020 6000 20.77
6000 28 0 1471 1200 13.73
6000 28 1 8901 3000 16.82
6000 28 2 21103 6000 20.61
6000 29 0 5102 1200 14.50
6000 29 1 5729 3000 16.90
6000 29 2 13984 6000 20.67
6000 30 0 14879 1200 14.89
6000 30 1 6552 3000 15.98
6000 30 2 37363 6000 20.71
6000 31 0 3691 1200 14.44
6000 31 1 9514 3000 16.50
6000 31 2 13707 6000 20.61
6000 32 0 3420 1200 13.99
6000 32 1 8054 3000 16.10
6000 32 2 25971 6000 20.46
6000 33 0 4466 1200 14.61
6000 33 1 6153 3000 16.53
6000 33 2 13784 6000 20.44
6000 34 0 7471 1200 14.23
6000 34 1 11801 3000 16.71
6000 34 2 20582 6000 20.11
6000 35 0 2051 1200 14.09
6000 35 1 5676 3000 16.71
6000 35 2 9543 6000 20.02
6000 36 0 4704 1200 14.26
6000 36 1 8599 3000 16.43
6000 36 2 20322 6000 19.99
6000 37 0 2765 1200 14.47
6000 37 1 5141 3000 16.73
6000 37 2 8520 6000 20.08
6000 38 0 5441 1200 14.22
6000 38 1 9140 3000 16.64
6000 38 2 16047 6000 19.87
6000 39 0 4397 1200 14.17
6000 39 1 7773 3000 16.72
6000 39 2 11794 6000 19.74
6000 40 0 20071 1200 15.60
6000 40 1 1762 3000 15.83
6000 40 2 31092 6000 19.76
6000 41 0 1618 1200 15.24
6000 41 1 15085 3000 17.53
6000 41 2 4931 6000 19.64
6000 42 0 3545 1200 15.12
6000 42 1 6889 3000 17.37
6000 42 2 10698 6000 19.65
6000 43 0 3456 1200 15.31
6000 43 1 5191 3000 17.44
6000 43 2 10251 6000 19.79
6000 44 0 5363 1200 15.25
6000 44 1 9920 3000 17.60
6000 44 2 17157 6000 20.10
6000 45 0 3325 1200 15.17
6000 45 1 5710 3000 17.57
6000 45 2 8843 6000 20.00
6000 46 0 5119 1200 14.93
6000 46 1 11269 3000 17.41
6000 46 2 22626 6000 20.37
6000 47 0 5130 1200 14.94
6000 47 1 7991 3000 17.48
6000 47 2 11034 6000 20.23
6000 48 0 4403 1200 14.36
6000 48 1 10518 3000 16.66
6000 48 2 23502 6000 19.97
6000 49 0 3576 1200 14.51
6000 49 1 5544 3000 16.75
6000 49 2 8649 6000 19.78
6000 50 0 16033 1200 15.82
6000 50 1 2687 3000 16.22
6000 50 2 20343 6000 19.30
6000 51 0 3203 1200 15.18
6000 51 1 15755 3000 18.15
6000 51 2 2438 6000 19.01
6000 52 0 6280 1200 14.44
6000 52 1 11502 3000 17.24
6000 52 2 14869 6000 19.27
6000 53 0 3126 1200 14.36
6000 53 1 8842 3000 17.54
6000 53 2 9102 6000 19.37
6000 54 0 5063 1200 13.82
6000 54 1 12417 3000 17.50
6000 54 2 18572 6000 19.99
6000 55 0 2056 1200 13.78
6000 55 1 5689 3000 17.41
6000 55 2 7923 6000 19.86
6000 56 0 3772 1200 13.60
6000 56 1 10077 3000 16.58
6000 56 2 27239 6000 20.21
6000 57 0 3197 1200 14.02
6000 57 1 4560 3000 16.82
6000 57 2 7170 6000 20.21
6000 58 0 3532 1200 14.20
6000 58 1 5905 3000 16.84
6000 58 2 10129 6000 20.07
6000 59 0 5173 1200 14.44
6000 59 1 7156 3000 17.01
6000 59 2 11584 6000 20.01
6000 60 0 15660 1200 16.05
6000 60 1 3987 3000 16.65
6000 60 2 23872 6000 20.14
6000 61 0 7120 1200 15.39
6000 61 1 12971 3000 17.83
6000 61 2 10299 6000 19.82
6000 62 0 4453 1200 14.56
6000 62 1 10844 3000 17.52
6000 62 2 14287 6000 19.79
6000 63 0 2341 1200 14.58
6000 63 1 6282 3000 17.68
6000 63 2 8440 6000 19.89
6000 64 0 4298 1200 14.56
6000 64 1 7721 3000 16.81
6000 64 2 19702 6000 19.96
6000 65 0 3759 1200 14.48
6000 65 1 6866 3000 16.93
6000 65 2 10073 6000 19.84
6000 66 0 2869 1200 13.93
6000 66 1 8612 3000 16.57
6000 66 2 18894 6000 19.78
6000 67 0 3239 1200 14.30
6000 67 1 4751 3000 16.76
6000 67 2 7136 6000 19.77
6000 68 0 4506 1200 14.33
6000 68 1 7658 3000 16.72
6000 68 2 14528 6000 19.67
6000 69 0 4636 1200 14.22
6000 69 1 7416 3000 16.78
6000 69 2 11376 6000 19.55
6000 70 0 21097 1200 16.08
6000 70 1 993 3000 16.21
6000 70 2 24259 6000 19.32
6000 71 0 2136 1200 15.52
6000 71 1 13857 3000 17.98
6000 71 2 2376 6000 19.01
6000 72 0 4112 1200 14.53
6000 72 1 12198 3000 17.02
6000 72 2 18980 6000 19.49
6000 73 0 4375 1200 14.59
6000 73 1 6615 3000 17.03
6000 73 2 9409 6000 19.47
6000 74 0 5141 1200 14.72
6000 74 1 7563 3000 16.99
6000 74 2 13496 6000 19.62
6000 75 0 3279 1200 14.62
6000 75 1 6363 3000 17.05
6000 75 2 9808 6000 19.57
6000 76 0 5025 1200 13.88
6000 76 1 10724 3000 16.35
6000 76 2 23028 6000 19.61
6000 77 0 2506 1200 13.97
6000 77 1 3917 3000 16.41
6000 77 2 6338 6000 19.53
6000 78 0 3495 1200 14.21
6000 78 1 7145 3000 16.72
6000 78 2 11003 6000 19.63
6000 79 0 5819 1200 14.25
6000 79 1 9201 3000 16.74
6000 79 2 14372 6000 19.46
6000 80 0 21077 1200 15.73
6000 80 1 991 3000 15.88
6000 80 2 24695 6000 19.11
6000 81 0 2271 1200 15.21
6000 81 1 6473 3000 16.47
6000 81 2 4766 6000 18.92
6000 82 0 4217 1200 14.89
6000 82 1 8871 3000 16.59
6000 82 2 12046 6000 19.10
6000 83 0 3156 1200 14.77
6000 83 1 7851 3000 17.00
6000 83 2 6594 6000 19.07
6000 84 0 5517 1200 14.33
6000 84 1 14810 3000 17.26
6000 84 2 19696 6000 19.74
6000 85 0 2485 1200 14.37
6000 85 1 4454 3000 17.16
6000 85 2 6278 6000 19.60
6000 86 0 4102 1200 14.06
6000 86 1 8539 3000 16.35
6000 86 2 25422 6000 19.89
6000 87 0 3531 1200 14.26
6000 87 1 4821 3000 16.52
6000 87 2 6582 6000 19.75
6000 88 0 7115 1200 14.34
6000 88 1 7789 3000 16.24
6000 88 2 17246 6000 19.33
6000 89 0 6691 1200 13.56
6000 89 1 12924 3000 16.50
6000 89 2 12342 6000 18.69
6000 90 0 16983 1200 15.83
6000 90 1 444 3000 15.90
6000 90 2 16045 6000 18.48
6000 91 0 2554 1200 14.16
6000 91 1 10729 3000 16.62
6000 91 2 5852 6000 18.20
6000 92 0 3127 1200 14.09
6000 92 1 10186 3000 16.73
6000 92 2 9628 6000 18.51
6000 93 0 2145 1200 14.13
6000 93 1 4667 3000 16.79
6000 93 2 8431 6000 18.91
6000 94 0 6301 1200 13.91
6000 94 1 12282 3000 16.81
6000 94 2 18257 6000 19.42
6000 95 0 1960 1200 13.92
6000 95 1 5359 3000 16.82
6000 95 2 8015 6000 19.44
6000 96 0 4442 1200 12.99
6000 96 1 10023 3000 15.41
6000 96 2 28637 6000 19.82
6000 97 0 2304 1200 13.18
6000 97 1 3545 3000 15.64
6000 97 2 5339 6000 19.73
6000 98 0 2725 1200 13.19
6000 98 1 5243 3000 15.69
6000 98 2 9199 6000 19.49
6000 99 0 4651 1200 13.80
6000 99 1 7489 3000 16.35
6000 99 2 8818 6000 19.52
6000 100 0 14474 1200 14.38
6000 100 1 10766 3000 16.21
6000 100 2 23006 6000 19.15
6000 101 0 2082 1200 14.34
6000 101 1 3588 3000 16.26
6000 101 2 5544 6000 19.12
6000 102 0 5479 1200 14.55
6000 102 1 7493 3000 16.60
6000 102 2 12150 6000 19.36
6000 103 0 5265 1200 14.22
6000 103 1 9424 3000 16.59
6000 103 2 13295 6000 19.15
6000 104 0 3673 1200 13.57
6000 104 1 9967 3000 16.14
6000 104 2 20901 6000 19.21
6000 105 0 2425 1200 13.62
6000 105 1 3877 3000 16.16
6000 105 2 4802 6000 18.99
6000 106 0 4201 1200 13.70
6000 106 1 7868 3000 15.99
6000 106 2 18467 6000 19.11
6000 107 0 2853 1200 13.74
6000 107 1 4994 3000 16.12
6000 107 2 5516 6000 18.96
6000 108 0 4476 1200 13.39
6000 108 1 13737 3000 16.59
6000 108 2 14453 6000 18.90
6000 109 0 3542 1200 13.52
6000 109 1 4888 3000 16.49
6000 109 2 8159 6000 18.86
6000 110 0 18077 1200 15.31
6000 110 1 1798 3000 15.54
6000 110 2 23517 6000 18.92
6000 111 0 1694 1200 15.12
6000 111 1 14379 3000 17.66
6000 111 2 2143 6000 18.77
6000 112 0 5081 1200 14.31
6000 112 1 10073 3000 16.58
6000 112 2 18752 6000 19.01
6000 113 0 2837 1200 14.44
6000 113 1 3984 3000 16.63
6000 113 2 6007 6000 19.00
6000 114 0 4509 1200 14.62
6000 114 1 6821 3000 16.77
6000 114 2 10008 6000 19.05
6000 115 0 3882 1200 14.75
6000 115 1 7006 3000 17.05
6000 115 2 10957 6000 19.36
6000 116 0 6732 1200 14.77
6000 116 1 9316 3000 17.04
6000 116 2 17710 6000 20.15
6000 117 0 4667 1200 14.54
6000 117 1 9283 3000 17.25
6000 117 2 9694 6000 19.76
6000 118 0 3024 1200 14.18
6000 118 1 7937 3000 17.09
6000 118 2 11574 6000 19.74
6000 119 0 3772 1200 14.35
6000 119 1 6531 3000 16.65
6000 119 2 13213 6000 19.46
6000 120 0 20382 1200 15.28
6000 120 1 925 3000 15.39
6000 120 2 29162 6000 19.87
6000 121 0 1226 1200 15.18
6000 121 1 13973 3000 17.19
6000 121 2 1233 6000 19.37
6000 122 0 2985 1200 14.87
6000 122 1 8026 3000 16.95
6000 122 2 14769 6000 19.61
6000 123 0 3093 1200 15.03
6000 123 1 4312 3000 16.99
6000 123 2 5947 6000 19.55
6000 124 0 4739 1200 14.97
6000 124 1 8044 3000 17.00
6000 124 2 19592 6000 20.12
6000 125 0 4998 1200 15.19
6000 125 1 6341 3000 17.07
6000 125 2 11847 6000 19.84
6000 126 0 4374 1200 14.88
6000 126 1 9886 3000 17.26
6000 126 2 11758 6000 19.70
6000 127 0 3009 1200 14.76
6000 127 1 5623 3000 17.23
6000 127 2 7993 6000 19.66
6000 128 0 3553 1200 14.05
6000 128 1 12780 3000 16.57
6000 128 2 30816 6000 20.07
6000 129 0 2238 1200 14.30
6000 129 1 2410 3000 16.74
6000 129 2 3018 6000 20.07
6000 130 0 15497 1200 15.55
6000 130 1 6401 3000 16.66
6000 130 2 24611 6000 20.14
6000 131 0 5534 1200 14.71
6000 131 1 14799 3000 17.60
6000 131 2 2225 6000 19.05
6000 132 0 4768 1200 13.95
6000 132 1 10587 3000 16.74
6000 132 2 25174 6000 20.06
6000 133 0 1426 1200 13.98
6000 133 1 2959 3000 16.80
6000 133 2 3965 6000 19.96
6000 134 0 3198 1200 13.62
6000 134 1 8100 3000 16.14
6000 134 2 27127 6000 20.24
6000 135 0 6433 1200 14.50
6000 135 1 5115 3000 16.30
6000 135 2 8528 6000 19.77
6000 136 0 3826 1200 13.82
6000 136 1 12960 3000 16.54
6000 136 2 11842 6000 18.76
6000 137 0 1988 1200 14.01
6000 137 1 3395 3000 16.66
6000 137 2 4471 6000 18.89
6000 138 0 5075 1200 14.36
6000 138 1 7269 3000 16.80
6000 138 2 13863 6000 19.46
6000 139 0 2220 1200 14.40
6000 139 1 5318 3000 16.94
6000 139 2 6949 6000 19.47
6000 140 0 17672 1200 15.21
6000 140 1 11572 3000 16.95
6000 140 2 23360 6000 19.67
6000 141 0 1561 1200 15.14
6000 141 1 3832 3000 17.07
6000 141 2 4687 6000 19.69
6000 142 0 3350 1200 14.82
6000 142 1 9532 3000 17.23
6000 142 2 11291 6000 19.61
6000 143 0 2405 1200 14.79
6000 143 1 5234 3000 17.16
6000 143 2 8428 6000 19.62
6000 144 0 4739 1200 14.92
6000 144 1 11209 3000 17.19
6000 144 2 23230 6000 20.27
6000 145 0 6525 1200 15.24
6000 145 1 5500 3000 17.08
6000 145 2 10763 6000 20.00
6000 146 0 4856 1200 14.49
6000 146 1 10884 3000 17.10
6000 146 2 12822 6000 19.63
6000 147 0 2806 1200 14.66
6000 147 1 6280 3000 17.28
6000 147 2 6947 6000 19.62
6000 148 0 3249 1200 14.43
6000 148 1 7653 3000 16.88
6000 148 2 13812 6000 19.66
6000 149 0 4069 1200 14.54
6000 149 1 6110 3000 16.88
6000 149 2 9255 6000 19.59
6000 150 0 19583 1200 15.85
6000 150 1 1361 3000 16.03
6000 150 2 27321 6000 19.84
6000 151 0 1694 1200 15.63
6000 151 1 15016 3000 17.84
6000 151 2 1488 6000 19.36
6000 152 0 2928 1200 15.19
6000 152 1 6621 3000 17.11
6000 152 2 17578 6000 19.78
6000 153 0 3502 1200 15.50
6000 153 1 5028 3000 17.23
6000 153 2 8838 6000 19.62
6000 154 0 6052 1200 15.42
6000 154 1 8659 3000 17.37
6000 154 2 12305 6000 19.49
6000 155 0 3338 1200 15.42
6000 155 1 6413 3000 17.54
6000 155 2 8746 6000 19.54
6000 156 0 3621 1200 15.03
6000 156 1 10342 3000 17.56
6000 156 2 12906 6000 19.54
6000 157 0 3170 1200 15.29
6000 157 1 4101 3000 17.61
6000 157 2 6942 6000 19.67
6000 158 0 4829 1200 15.31
6000 158 1 7516 3000 17.64
6000 158 2 14008 6000 19.98
6000 159 0 6274 1200 15.16
6000 159 1 8769 3000 17.63
6000 159 2 12893 6000 19.87
6000 160 0 17044 1200 16.18
6000 160 1 3903 3000 16.77
6000 160 2 24432 6000 20.11
6000 161 0 2527 1200 15.75
6000 161 1 7962 3000 17.33
6000 161 2 3670 6000 19.64
6000 162 0 2859 1200 15.72
6000 162 1 7788 3000 17.53
6000 162 2 11852 6000 19.98
6000 163 0 4343 1200 15.58
6000 163 1 7737 3000 17.66
6000 163 2 10620 6000 19.95
6000 164 0 5214 1200 14.77
6000 164 1 13367 3000 17.62
6000 164 2 16792 6000 19.91
6000 165 0 4481 1200 14.89
6000 165 1 6435 3000 17.17
6000 165 2 11769 6000 19.62
6000 166 0 2514 1200 14.65
6000 166 1 6210 3000 17.06
6000 166 2 10719 6000 19.58
6000 167 0 5684 1200 14.40
6000 167 1 8338 3000 16.95
6000 167 2 12658 6000 19.47
6000 168 0 2712 1200 13.26
6000 168 1 9354 3000 15.40
6000 168 2 28068 6000 19.70
6000 169 0 2996 1200 13.69
6000 169 1 3620 3000 15.72
6000 169 2 4114 6000 19.47
6000 170 0 22299 1200 15.32
6000 170 1 569 3000 15.39
6000 170 2 23759 6000 18.40
6000 171 0 2046 1200 15.19
6000 171 1 13845 3000 17.10
6000 171 2 1223 6000 18.08
6000 172 0 3227 1200 14.88
6000 172 1 7337 3000 16.86
6000 172 2 9317 6000 18.34
6000 173 0 8398 1200 15.43
6000 173 1 5183 3000 16.89
6000 173 2 9309 6000 18.62
6000 174 0 6359 1200 14.15
6000 174 1 13112 3000 17.57
6000 174 2 17471 6000 20.02
6000 175 0 4684 1200 13.38
6000 175 1 12683 3000 17.08
6000 175 2 15048 6000 19.53
6000 176 0 1823 1200 12.94
6000 176 1 6391 3000 15.82
6000 176 2 21124 6000 19.49
6000 177 0 3071 1200 13.00
6000 177 1 7177 3000 16.03
6000 177 2 6730 6000 19.08
6000 178 0 3464 1200 13.53
6000 178 1 5753 3000 15.93
6000 178 2 10791 6000 19.07
6000 179 0 3567 1200 13.51
6000 179 1 6626 3000 15.99
6000 179 2 9879 6000 18.96
6000 180 0 22615 1200 15.69
6000 180 1 284 3000 15.73
6000 180 2 22787 6000 18.81
6000 181 0 1794 1200 15.35
6000 181 1 12596 3000 17.25
6000 181 2 1813 6000 18.49
6000 182 0 4195 1200 14.75
6000 182 1 10443 3000 16.76
6000 182 2 14387 6000 18.69
6000 183 0 3454 1200 14.75
6000 183 1 4723 3000 16.73
6000 183 2 6888 6000 18.76
6000 184 0 4604 1200 14.52
6000 184 1 8897 3000 16.49
6000 184 2 22397 6000 19.44
6000 185 0 4472 1200 14.54
6000 185 1 6431 3000 16.57
6000 185 2 7999 6000 19.12
6000 186 0 3914 1200 14.27
6000 186 1 9058 3000 16.68
6000 186 2 10344 6000 19.00
6000 187 0 4671 1200 14.42
6000 187 1 6818 3000 16.84
6000 187 2 9386 6000 19.18
6000 188 0 4609 1200 14.17
6000 188 1 8612 3000 16.52
6000 188 2 15360 6000 19.23
6000 189 0 4450 1200 13.90
6000 189 1 8413 3000 16.41
6000 189 2 11562 6000 19.02
6000 190 0 19060 1200 15.55
6000 190 1 414 3000 15.61
6000 190 2 20820 6000 18.53
6000 191 0 2388 1200 14.84
6000 191 1 6210 3000 16.02
6000 191 2 5473 6000 18.22
6000 192 0 4789 1200 13.52
6000 192 1 9607 3000 15.27
6000 192 2 22346 6000 18.61
6000 193 0 3143 1200 13.65
6000 193 1 7455 3000 15.72
6000 193 2 3290 6000 18.10
6000 194 0 3666 1200 13.97
6000 194 1 7533 3000 16.06
6000 194 2 9482 6000 18.53
6000 195 0 5198 1200 14.09
6000 195 1 8642 3000 16.33
6000 195 2 12832 6000 18.95
6000 196 0 3398 1200 13.80
6000 196 1 8306 3000 16.14
6000 196 2 15497 6000 19.03
6000 197 0 3731 1200 13.92
6000 197 1 6291 3000 16.20
6000 197 2 8891 6000 18.89
6000 198 0 3842 1200 13.96
6000 198 1 7873 3000 16.37
6000 198 2 11991 6000 18.98
6000 199 0 4389 1200 13.82
6000 199 1 8472 3000 16.40
6000 199 2 11021 6000 18.92
6000 200 0 15269 1200 16.04
6000 200 1 292 3000 16.07
6000 200 2 18833 6000 19.14
6000 201 0 4981 1200 15.06
6000 201 1 5602 3000 16.71
6000 201 2 6960 6000 18.87
6000 202 0 7555 1200 14.03
6000 202 1 10268 3000 16.20
6000 202 2 17779 6000 18.90
6000 203 0 2438 1200 13.77
6000 203 1 7341 3000 16.65
6000 203 2 4604 6000 18.78
6000 204 0 4194 1200 13.68
6000 204 1 10855 3000 16.63
6000 204 2 12615 6000 18.88
6000 205 0 4543 1200 13.57
6000 205 1 8904 3000 16.51
6000 205 2 12040 6000 18.86
6000 206 0 3990 1200 12.93
6000 206 1 9866 3000 15.99
6000 206 2 17156 6000 18.99
6000 207 0 2848 1200 13.22
6000 207 1 6626 3000 16.04
6000 207 2 10487 6000 19.07
6000 208 0 4156 1200 12.71
6000 208 1 8217 3000 15.13
6000 208 2 19633 6000 18.48
6000 209 0 2306 1200 12.83
6000 209 1 3936 3000 15.23
6000 209 2 5591 6000 18.37
6000 210 0 21820 1200 16.01
6000 210 1 113 3000 16.01
6000 210 2 14803 6000 17.94
6000 211 0 2524 1200 15.18
6000 211 1 10295 3000 16.91
6000 211 2 2609 6000 17.79
6000 212 0 3234 1200 14.41
6000 212 1 12823 3000 16.93
6000 212 2 4302 6000 17.58
6000 213 0 3636 1200 14.42
6000 213 1 5782 3000 16.88
6000 213 2 17697 6000 19.18
6000 214 0 3928 1200 14.43
6000 214 1 6864 3000 16.78
6000 214 2 12265 6000 19.28
6000 215 0 6853 1200 14.52
6000 215 1 9627 3000 17.05
6000 215 2 13942 6000 19.42
6000 216 0 4527 1200 13.08
6000 216 1 11582 3000 15.52
6000 216 2 26001 6000 19.32
6000 217 0 2352 1200 13.08
6000 217 1 4468 3000 15.59
6000 217 2 5478 6000 19.01
6000 218 0 2692 1200 13.21
6000 218 1 6006 3000 15.82
6000 218 2 8654 6000 19.07
6000 219 0 4296 1200 13.50
6000 219 1 7003 3000 16.06
6000 219 2 9029 6000 19.11
6000 220 0 13856 1200 13.73
6000 220 1 10671 3000 15.69
6000 220 2 23058 6000 18.83
6000 221 0 3469 1200 13.50
6000 221 1 4947 3000 15.49
6000 221 2 9545 6000 18.75
6000 222 0 3662 1200 13.31
6000 222 1 8128 3000 15.56
6000 222 2 14577 6000 18.21
6000 223 0 4121 1200 13.58
6000 223 1 6128 3000 15.85
6000 223 2 6490 6000 18.29
6000 224 0 4536 1200 13.48
6000 224 1 8346 3000 15.74
6000 224 2 13879 6000 18.12
6000 225 0 4704 1200 13.42
6000 225 1 7927 3000 15.85
6000 225 2 10471 6000 18.12
6000 226 0 3159 1200 13.35
6000 226 1 7659 3000 15.89
6000 226 2 11255 6000 18.33
6000 227 0 4244 1200 13.22
6000 227 1 7630 3000 15.81
6000 227 2 11076 6000 18.28
6000 228 0 3247 1200 12.58
6000 228 1 8468 3000 15.18
6000 228 2 19217 6000 18.48
6000 229 0 5192 1200 13.16
6000 229 1 5612 3000 15.27
6000 229 2 9603 6000 18.15
6000 230 0 12832 1200 13.26
6000 230 1 9228 3000 14.98
6000 230 2 15591 6000 17.36
6000 231 0 2917 1200 13.36
6000 231 1 5685 3000 15.33
6000 231 2 7548 6000 17.65
6000 232 0 4038 1200 12.95
6000 232 1 9100 3000 15.14
6000 232 2 14371 6000 17.51
6000 233 0 2215 1200 13.09
6000 233 1 3386 3000 15.25
6000 233 2 5404 6000 17.69
6000 234 0 3671 1200 13.41
6000 234 1 5559 3000 15.47
6000 234 2 8612 6000 17.79
6000 235 0 4910 1200 13.41
6000 235 1 9813 3000 15.98
6000 235 2 13530 6000 18.28
6000 236 0 2297 1200 13.12
6000 236 1 5925 3000 15.65
6000 236 2 13469 6000 18.39
6000 237 0 3023 1200 13.41
6000 237 1 5065 3000 15.97
6000 237 2 5956 6000 18.50
6000 238 0 3981 1200 13.52
6000 238 1 8501 3000 16.26
6000 238 2 8245 6000 18.44
6000 239 0 3290 1200 13.55
6000 239 1 5827 3000 16.32
6000 239 2 11569 6000 18.97
6000 240 0 20395 1200 14.60
6000 240 1 5580 3000 15.27
6000 240 2 33017 6000 19.62
6000 241 0 1702 1200 14.61
6000 241 1 5147 3000 15.82
6000 241 2 2153 6000 19.35
6000 242 0 3139 1200 14.50
6000 242 1 13175 3000 16.79
6000 242 2 15843 6000 19.66
6000 243 0 6131 1200 14.90
6000 243 1 6433 3000 16.94
6000 243 2 11356 6000 19.78
6000 244 0 4527 1200 14.55
6000 244 1 8923 3000 16.93
6000 244 2 14309 6000 19.87
6000 245 0 5628 1200 14.38
6000 245 1 9538 3000 16.56
6000 245 2 15986 6000 19.35
6000 246 0 2006 1200 13.92
6000 246 1 6941 3000 16.42
6000 246 2 9961 6000 19.10
6000 247 0 3309 1200 14.13
6000 247 1 5069 3000 16.43
6000 247 2 7583 6000 19.08
6000 248 0 4202 1200 13.95
6000 248 1 9931 3000 16.28
6000 248 2 21982 6000 19.41
6000 249 0 3522 1200 13.81
6000 249 1 6549 3000 15.97
6000 249 2 14584 6000 19.00
6000 250 0 17808 1200 15.02
6000 250 1 4120 3000 15.55
6000 250 2 15182 6000 17.62
6000 251 0 2021 1200 14.94
6000 251 1 8711 3000 16.60
6000 251 2 2148 6000 17.71
6000 252 0 3888 1200 14.34
6000 252 1 12113 3000 16.71
6000 252 2 4186 6000 17.51
6000 253 0 3301 1200 14.39
6000 253 1 4941 3000 16.64
6000 253 2 19926 6000 19.22
6000 254 0 4256 1200 14.67
6000 254 1 6450 3000 16.70
6000 254 2 10308 6000 19.27
6000 255 0 4813 1200 14.67
6000 255 1 6718 3000 16.85
6000 255 2 9713 6000 19.30
6000 256 0 3877 1200 14.08
6000 256 1 11927 3000 16.53
6000 256 2 24617 6000 19.51
6000 257 0 6912 1200 14.48
6000 257 1 6511 3000 16.99
6000 257 2 9543 6000 19.75
6000 258 0 5534 1200 14.03
6000 258 1 10105 3000 16.84
6000 258 2 12225 6000 19.36
6000 259 0 2123 1200 13.51
6000 259 1 7441 3000 16.60
6000 259 2 9811 6000 19.06
6000 260 0 12168 1200 13.43
6000 260 1 12037 3000 15.84
6000 260 2 20588 6000 18.70
6000 261 0 2831 1200 13.71
6000 261 1 5560 3000 16.13
6000 261 2 8001 6000 18.90
6000 262 0 3566 1200 13.60
6000 262 1 6593 3000 15.96
6000 262 2 11047 6000 18.79
6000 263 0 2727 1200 13.71
6000 263 1 4302 3000 16.06
6000 263 2 7276 6000 18.87
6000 264 0 5340 1200 13.14
6000 264 1 12648 3000 15.81
6000 264 2 24274 6000 19.17
6000 265 0 3465 1200 13.35
6000 265 1 4717 3000 16.00
6000 265 2 6297 6000 19.06
6000 266 0 3003 1200 13.25
6000 266 1 6455 3000 15.72
6000 266 2 15418 6000 18.85
6000 267 0 2859 1200 13.48
6000 267 1 3742 3000 15.89
6000 267 2 4420 6000 18.76
6000 268 0 3901 1200 13.67
6000 268 1 10202 3000 16.55
6000 268 2 6555 6000 18.59
6000 269 0 3370 1200 14.06
6000 269 1 5748 3000 16.86
6000 269 2 13044 6000 19.57
6000 270 0 18282 1200 15.29
6000 270 1 7471 3000 16.29
6000 270 2 26678 6000 19.69
6000 271 0 3100 1200 15.04
6000 271 1 8057 3000 17.04
6000 271 2 3429 6000 18.97
6000 272 0 4540 1200 14.91
6000 272 1 8899 3000 16.75
6000 272 2 21387 6000 19.99
6000 273 0 2400 1200 14.97
6000 273 1 4596 3000 16.90
6000 273 2 5572 6000 19.85
6000 274 0 3437 1200 14.92
6000 274 1 6999 3000 17.02
6000 274 2 10985 6000 19.85
6000 275 0 4803 1200 15.09
6000 275 1 6589 3000 17.18
6000 275 2 9985 6000 19.79
6000 276 0 5579 1200 13.70
6000 276 1 16264 3000 16.64
6000 276 2 26765 6000 20.16
6000 277 0 1922 1200 13.86
6000 277 1 3468 3000 16.82
6000 277 2 4772 6000 20.10
6000 278 0 3935 1200 14.28
6000 278 1 6775 3000 17.10
6000 278 2 10129 6000 20.16
6000 279 0 4774 1200 14.15
6000 279 1 7788 3000 16.92
6000 279 2 14009 6000 19.92
6000 280 0 19064 1200 15.13
6000 280 1 6620 3000 16.00
6000 280 2 29109 6000 19.55
6000 281 0 1854 1200 15.00
6000 281 1 4891 3000 16.37
6000 281 2 2442 6000 19.21
6000 282 0 3300 1200 14.83
6000 282 1 9969 3000 16.84
6000 282 2 10652 6000 19.44
6000 283 0 3515 1200 15.02
6000 283 1 5333 3000 16.96
6000 283 2 10336 6000 19.75
6000 284 0 4287 1200 14.95
6000 284 1 9917 3000 17.15
6000 284 2 16501 6000 19.93
6000 285 0 7442 1200 15.34
6000 285 1 6523 3000 17.19
6000 285 2 12973 6000 19.95
6000 286 0 3763 1200 14.69
6000 286 1 10690 3000 17.46
6000 286 2 17042 6000 20.23
6000 287 0 4171 1200 14.63
6000 287 1 8125 3000 17.50
6000 287 2 8844 6000 19.96
6000 288 0 4887 1200 13.82
6000 288 1 9145 3000 16.45
6000 288 2 19498 6000 19.96
6000 289 0 5767 1200 13.93
6000 289 1 10098 3000 16.70
6000 289 2 11282 6000 19.39
6000 290 0 15590 1200 15.68
6000 290 1 807 3000 15.81
6000 290 2 17204 6000 18.55
6000 291 0 3131 1200 15.00
6000 291 1 7281 3000 16.53
6000 291 2 5982 6000 18.43
6000 292 0 2464 1200 14.12
6000 292 1 9320 3000 16.48
6000 292 2 12745 6000 18.69
6000 293 0 3343 1200 14.33
6000 293 1 6540 3000 16.77
6000 293 2 6305 6000 18.72
6000 294 0 3112 1200 14.36
6000 294 1 7321 3000 16.92
6000 294 2 11155 6000 19.08
6000 295 0 4049 1200 14.29
6000 295 1 7884 3000 16.99
6000 295 2 10618 6000 19.15
6000 296 0 4493 1200 13.81
6000 296 1 10410 3000 16.53
6000 296 2 22459 6000 19.75
6000 297 0 2288 1200 14.00
6000 297 1 3930 3000 16.64
6000 297 2 4527 6000 19.57
6000 298 0 2619 1200 14.21
6000 298 1 6098 3000 16.93
6000 298 2 9512 6000 19.77
6000 299 0 4354 1200 14.70
6000 299 1 6416 3000 17.20
6000 299 2 9851 6000 19.87
6000 300 0 12988 1200 15.50
6000 300 1 9419 3000 17.36
6000 300 2 19377 6000 20.11
6000 301 0 8416 1200 14.81
6000 301 1 10818 3000 17.11
6000 301 2 15818 6000 19.59
6000 302 0 2644 1200 14.67
6000 302 1 6963 3000 17.12
6000 302 2 8679 6000 19.44
6000 303 0 2771 1200 14.48
6000 303 1 6345 3000 17.07
6000 303 2 8469 6000 19.44
6000 304 0 4339 1200 13.95
6000 304 1 10008 3000 16.48
6000 304 2 21799 6000 19.55
6000 305 0 2574 1200 14.02
6000 305 1 4149 3000 16.60
6000 305 2 5448 6000 19.40
6000 306 0 4336 1200 13.97
6000 306 1 8673 3000 16.48
6000 306 2 19644 6000 19.67
6000 307 0 2774 1200 14.08
6000 307 1 5181 3000 16.66
6000 307 2 5608 6000 19.49
6000 308 0 3775 1200 14.20
6000 308 1 8399 3000 16.85
6000 308 2 12557 6000 19.57
6000 309 0 2907 1200 14.25
6000 309 1 4745 3000 16.90
6000 309 2 6777 6000 19.48
6000 310 0 17843 1200 15.98
6000 310 1 3414 3000 16.41
6000 310 2 21764 6000 19.37
6000 311 0 3985 1200 15.50
6000 311 1 14915 3000 18.12
6000 311 2 2526 6000 19.01
6000 312 0 6992 1200 14.86
6000 312 1 9062 3000 17.05
6000 312 2 18093 6000 19.79
6000 313 0 4135 1200 14.59
6000 313 1 8117 3000 17.67
6000 313 2 9654 6000 20.07
6000 314 0 5236 1200 14.44
6000 314 1 9813 3000 17.33
6000 314 2 14419 6000 19.96
6000 315 0 2546 1200 14.30
6000 315 1 7080 3000 17.42
6000 315 2 9318 6000 19.94
6000 316 0 4684 1200 13.75
6000 316 1 9581 3000 16.41
6000 316 2 22575 6000 20.04
6000 317 0 1794 1200 13.93
6000 317 1 3989 3000 16.59
6000 317 2 5951 6000 19.96
6000 318 0 3228 1200 13.74
6000 318 1 7336 3000 16.53
6000 318 2 12554 6000 19.74
6000 319 0 3215 1200 14.21
6000 319 1 4599 3000 16.73
6000 319 2 7682 6000 19.77
6000 320 0 19458 1200 15.82
6000 320 1 3808 3000 16.33
6000 320 2 27590 6000 19.81
6000 321 0 3511 1200 15.56
6000 321 1 10212 3000 17.41
6000 321 2 2945 6000 19.35
6000 322 0 2950 1200 15.36
6000 322 1 7376 3000 17.47
6000 322 2 10357 6000 19.71
6000 323 0 3313 1200 15.57
6000 323 1 5478 3000 17.63
6000 323 2 9846 6000 20.02
6000 324 0 4301 1200 15.11
6000 324 1 12233 3000 17.80
6000 324 2 17624 6000 20.29
6000 325 0 3336 1200 15.16
6000 325 1 5520 3000 17.76
6000 325 2 7842 6000 20.23
6000 326 0 6032 1200 15.08
6000 326 1 9963 3000 17.32
6000 326 2 24732 6000 20.78
6000 327 0 4968 1200 15.07
6000 327 1 7437 3000 17.41
6000 327 2 9833 6000 20.41
6000 328 0 5018 1200 14.16
6000 328 1 11067 3000 16.58
6000 328 2 20845 6000 19.90
6000 329 0 2080 1200 14.26
6000 329 1 4874 3000 16.74
6000 329 2 5093 6000 19.62
6000 330 0 12994 1200 14.25
6000 330 1 10414 3000 16.22
6000 330 2 21929 6000 19.19
6000 331 0 3446 1200 14.22
6000 331 1 6142 3000 16.41
6000 331 2 6758 6000 18.99
6000 332 0 3762 1200 14.09
6000 332 1 6481 3000 16.11
6000 332 2 12998 6000 19.00
6000 333 0 2600 1200 14.17
6000 333 1 4234 3000 16.26
6000 333 2 5734 6000 18.96
6000 334 0 4480 1200 14.46
6000 334 1 8195 3000 16.76
6000 334 2 8105 6000 18.97
6000 335 0 2655 1200 14.51
6000 335 1 4347 3000 16.86
6000 335 2 8918 6000 19.36
6000 336 0 5949 1200 14.01
6000 336 1 11638 3000 16.48
6000 336 2 27924 6000 20.46
6000 337 0 2191 1200 14.16
6000 337 1 3460 3000 16.70
6000 337 2 4551 6000 20.34
6000 338 0 4259 1200 14.26
6000 338 1 7231 3000 16.81
6000 338 2 10954 6000 20.20
6000 339 0 3823 1200 14.27
6000 339 1 6356 3000 16.91
6000 339 2 9753 6000 20.12
6000 340 0 19934 1200 15.66
6000 340 1 8274 3000 16.70
6000 340 2 26319 6000 19.71
6000 341 0 3847 1200 15.48
6000 341 1 8030 3000 17.24
6000 341 2 6538 6000 19.62
6000 342 0 4605 1200 15.25
6000 342 1 9227 3000 17.43
6000 342 2 8580 6000 19.58
6000 343 0 4337 1200 15.08
6000 343 1 8476 3000 17.38
6000 343 2 9761 6000 19.61
6000 344 0 3497 1200 14.75
6000 344 1 7769 3000 16.74
6000 344 2 20591 6000 20.02
6000 345 0 3553 1200 14.84
6000 345 1 6270 3000 16.82
6000 345 2 8583 6000 19.83
6000 346 0 5603 1200 14.44
6000 346 1 10538 3000 16.69
6000 346 2 18592 6000 19.60
6000 347 0 2025 1200 14.47
6000 347 1 4429 3000 16.86
6000 347 2 5200 6000 19.58
6000 348 0 3886 1200 14.22
6000 348 1 9452 3000 16.73
6000 348 2 14338 6000 19.38
6000 349 0 2794 1200 14.49
6000 349 1 3783 3000 16.83
6000 349 2 6146 6000 19.43
6000 350 0 18130 1200 15.86
6000 350 1 3220 3000 16.30
6000 350 2 20560 6000 19.10
6000 351 0 3064 1200 15.41
6000 351 1 14772 3000 18.01
6000 351 2 2373 6000 18.76
6000 352 0 3722 1200 14.73
6000 352 1 7910 3000 16.70
6000 352 2 18356 6000 19.17
6000 353 0 3361 1200 15.08
6000 353 1 4315 3000 16.95
6000 353 2 5876 6000 19.29
6000 354 0 4498 1200 15.08
6000 354 1 8366 3000 17.31
6000 354 2 7548 6000 19.20
6000 355 0 6293 1200 15.32
6000 355 1 7310 3000 17.43
6000 355 2 15234 6000 19.92
6000 356 0 5276 1200 14.52
6000 356 1 12775 3000 17.39
6000 356 2 19917 6000 20.05
6000 357 0 2277 1200 14.46
6000 357 1 5776 3000 17.43
6000 357 2 6476 6000 19.84
6000 358 0 3470 1200 14.38
6000 358 1 7562 3000 17.27
6000 358 2 12411 6000 19.89
6000 359 0 3619 1200 14.67
6000 359 1 5912 3000 17.20
6000 359 2 11265 6000 19.86
6000 360 0 19997 1200 15.80
6000 360 1 2238 3000 16.13
6000 360 2 28153 6000 19.95
6000 361 0 3118 1200 15.50
6000 361 1 15618 3000 17.92
6000 361 2 1309 6000 19.17
6000 362 0 2929 1200 15.37
6000 362 1 5480 3000 17.74
6000 362 2 10480 6000 19.69
6000 363 0 3232 1200 15.71
6000 363 1 5154 3000 18.09
6000 363 2 7662 6000 20.05
6000 364 0 4670 1200 15.34
6000 364 1 10600 3000 17.97
6000 364 2 19192 6000 20.65
6000 365 0 2196 1200 15.37
6000 365 1 3195 3000 17.94
6000 365 2 5254 6000 20.50
6000 366 0 4821 1200 15.29
6000 366 1 10111 3000 17.74
6000 366 2 24133 6000 20.99
6000 367 0 2332 1200 15.36
6000 367 1 3433 3000 17.78
6000 367 2 4409 6000 20.81
6000 368 0 8497 1200 15.55
6000 368 1 8544 3000 17.51
6000 368 2 22464 6000 20.82
6000 369 0 7494 1200 15.10
6000 369 1 10694 3000 17.73
6000 369 2 11885 6000 20.38
6000 370 0 17951 1200 16.14
6000 370 1 4077 3000 16.76
6000 370 2 21082 6000 19.64
6000 371 0 1857 1200 15.00
6000 371 1 9577 3000 17.49
6000 371 2 3277 6000 19.06
6000 372 0 2908 1200 14.82
6000 372 1 11546 3000 17.76
6000 372 2 11838 6000 19.72
6000 373 0 3312 1200 14.68
6000 373 1 7724 3000 17.66
6000 373 2 9398 6000 19.70
6000 374 0 2993 1200 14.80
6000 374 1 6668 3000 17.50
6000 374 2 13045 6000 20.03
6000 375 0 3922 1200 14.85
6000 375 1 6510 3000 17.47
6000 375 2 10824 6000 20.02
6000 376 0 4127 1200 14.62
6000 376 1 8332 3000 16.89
6000 376 2 23297 6000 20.35
6000 377 0 2631 1200 14.71
6000 377 1 4452 3000 16.97
6000 377 2 5351 6000 20.12
6000 378 0 3140 1200 14.83
6000 378 1 4793 3000 17.04
6000 378 2 8810 6000 20.09
6000 379 0 3624 1200 15.06
6000 379 1 7737 3000 17.55
6000 379 2 9721 6000 20.08
6000 380 0 17895 1200 16.15
6000 380 1 7974 3000 17.30
6000 380 2 24164 6000 20.24
6000 381 0 2931 1200 15.69
6000 381 1 7140 3000 17.61
6000 381 2 6731 6000 20.01
6000 382 0 4635 1200 15.57
6000 382 1 8856 3000 17.76
6000 382 2 10073 6000 19.92
6000 383 0 5955 1200 15.56
6000 383 1 7780 3000 17.74
6000 383 2 11742 6000 20.02
6000 384 0 5568 1200 13.95
6000 384 1 14154 3000 16.63
6000 384 2 24940 6000 20.34
6000 385 0 2544 1200 14.14
6000 385 1 6247 3000 16.99
6000 385 2 4406 6000 19.92
6000 386 0 3060 1200 14.30
6000 386 1 5373 3000 16.96
6000 386 2 10878 6000 20.15
6000 387 0 4282 1200 14.22
6000 387 1 7743 3000 16.88
6000 387 2 12254 6000 20.02
6000 388 0 3050 1200 13.92
6000 388 1 8305 3000 16.63
6000 388 2 15869 6000 19.93
6000 389 0 2423 1200 14.10
6000 389 1 3837 3000 16.75
6000 389 2 5835 6000 19.89
6000 390 0 20264 1200 16.09
6000 390 1 430 3000 16.15
6000 390 2 26063 6000 19.64
6000 391 0 2989 1200 15.67
6000 391 1 14247 3000 17.94
6000 391 2 2251 6000 19.01
6000 392 0 3783 1200 14.89
6000 392 1 8524 3000 16.86
6000 392 2 20644 6000 19.56
6000 393 0 2627 1200 15.06
6000 393 1 3030 3000 16.93
6000 393 2 4018 6000 19.49
6000 394 0 4445 1200 15.06
6000 394 1 6649 3000 16.74
6000 394 2 18156 6000 19.67
6000 395 0 3529 1200 15.49
6000 395 1 4269 3000 17.25
6000 395 2 6123 6000 19.89
6000 396 0 8030 1200 15.77
6000 396 1 12845 3000 18.61
6000 396 2 5796 6000 19.60
6000 397 0 5693 1200 14.77
6000 397 1 12427 3000 17.81
6000 397 2 24254 6000 20.57
6000 398 0 3950 1200 14.45
6000 398 1 8927 3000 17.95
6000 398 2 10974 6000 20.40
6000 399 0 3959 1200 14.60
6000 399 1 8589 3000 17.69
6000 399 2 11601 6000 20.07
6000 400 0 15187 1200 16.32
6000 400 1 614 3000 16.43
6000 400 2 18852 6000 19.60
6000 401 0 3997 1200 14.87
6000 401 1 18326 3000 18.49
6000 401 2 1000 6000 18.99
6000 402 0 1592 1200 14.76
6000 402 1 3915 3000 18.13
6000 402 2 7322 6000 19.43
6000 403 0 3238 1200 15.24
6000 403 1 4423 3000 18.22
6000 403 2 5434 6000 19.56
6000 404 0 3840 1200 14.95
6000 404 1 10547 3000 17.99
6000 404 2 22463 6000 20.77
6000 405 0 2703 1200 15.05
6000 405 1 3698 3000 17.97
6000 405 2 5382 6000 20.63
6000 406 0 5073 1200 15.27
6000 406 1 7875 3000 18.02
6000 406 2 13753 6000 20.67
6000 407 0 3403 1200 15.05
6000 407 1 7817 3000 18.07
6000 407 2 12219 6000 20.61
6000 408 0 5778 1200 13.86
6000 408 1 18027 3000 17.26
6000 408 2 29096 6000 20.77
6000 409 0 1680 1200 14.05
6000 409 1 3450 3000 17.39
6000 409 2 4397 6000 20.49
6000 410 0 13171 1200 15.00
6000 410 1 6787 3000 16.28
6000 410 2 23852 6000 19.83
6000 411 0 7943 1200 15.12
6000 411 1 6077 3000 16.50
6000 411 2 10488 6000 19.17
6000 412 0 3323 1200 14.12
6000 412 1 12525 3000 16.80
6000 412 2 9585 6000 18.84
6000 413 0 1763 1200 14.27
6000 413 1 3997 3000 16.94
6000 413 2 5936 6000 19.10
6000 414 0 4611 1200 14.38
6000 414 1 7772 3000 16.54
6000 414 2 22103 6000 19.78
6000 415 0 2135 1200 14.43
6000 415 1 4136 3000 16.67
6000 415 2 4879 6000 19.68
6000 416 0 4589 1200 14.25
6000 416 1 8154 3000 16.39
6000 416 2 21466 6000 19.75
6000 417 0 1869 1200 14.48
6000 417 1 3100 3000 16.64
6000 417 2 3683 6000 19.75
6000 418 0 5968 1200 15.08
6000 418 1 10949 3000 17.60
6000 418 2 8911 6000 19.74
6000 419 0 2916 1200 15.02
6000 419 1 4877 3000 17.56
6000 419 2 10541 6000 19.98
6000 420 0 20859 1200 15.90
6000 420 1 10915 3000 17.34
6000 420 2 28203 6000 20.27
6000 421 0 2893 1200 15.71
6000 421 1 5239 3000 17.40
6000 421 2 4021 6000 19.83
6000 422 0 3063 1200 15.49
6000 422 1 7784 3000 17.55
6000 422 2 11776 6000 20.04
6000 423 0 5547 1200 15.89
6000 423 1 6374 3000 17.86
6000 423 2 10952 6000 20.33
6000 424 0 6405 1200 15.42
6000 424 1 10133 3000 17.89
6000 424 2 18771 6000 20.68
6000 425 0 4187 1200 15.51
6000 425 1 8075 3000 18.00
6000 425 2 9091 6000 20.39
6000 426 0 4613 1200 15.36
6000 426 1 8707 3000 17.79
6000 426 2 13466 6000 20.29
6000 427 0 4207 1200 15.08
6000 427 1 8092 3000 17.65
6000 427 2 11930 6000 20.06
6000 428 0 1986 1200 14.83
6000 428 1 5752 3000 17.32
6000 428 2 12670 6000 20.10
6000 429 0 3604 1200 14.66
6000 429 1 7634 3000 17.42
6000 429 2 10448 6000 19.96
6000 430 0 13323 1200 14.25
6000 430 1 11660 3000 16.52
6000 430 2 23017 6000 19.57
6000 431 0 3422 1200 14.40
6000 431 1 4289 3000 16.48
6000 431 2 7103 6000 19.39
6000 432 0 4660 1200 13.24
6000 432 1 10299 3000 15.44
6000 432 2 24188 6000 19.07
6000 433 0 1699 1200 13.40
6000 433 1 2119 3000 15.61
6000 433 2 3192 6000 19.07
6000 434 0 2945 1200 13.53
6000 434 1 5580 3000 15.69
6000 434 2 13996 6000 18.99
6000 435 0 4731 1200 14.09
6000 435 1 8396 3000 16.52
6000 435 2 3792 6000 18.93
6000 436 0 4376 1200 14.21
6000 436 1 7797 3000 16.67
6000 436 2 17684 6000 19.64
6000 437 0 3186 1200 14.51
6000 437 1 6063 3000 17.05
6000 437 2 7687 6000 19.77
6000 438 0 4805 1200 14.81
6000 438 1 8104 3000 17.38
6000 438 2 11913 6000 19.96
6000 439 0 4482 1200 14.77
6000 439 1 7388 3000 17.38
6000 439 2 11062 6000 19.92
6000 440 0 19676 1200 15.59
6000 440 1 7491 3000 16.51
6000 440 2 29683 6000 20.00
6000 441 0 2826 1200 15.48
6000 441 1 6148 3000 16.92
6000 441 2 2921 6000 19.42
6000 442 0 3872 1200 15.28
6000 442 1 8821 3000 17.15
6000 442 2 13510 6000 19.95
6000 443 0 4538 1200 15.12
6000 443 1 8435 3000 17.16
6000 443 2 11323 6000 19.84
6000 444 0 3394 1200 14.08
6000 444 1 10946 3000 16.23
6000 444 2 26968 6000 20.12
6000 445 0 2931 1200 14.37
6000 445 1 3775 3000 16.40
6000 445 2 4572 6000 19.87
6000 446 0 4371 1200 14.44
6000 446 1 6707 3000 16.52
6000 446 2 10177 6000 19.68
6000 447 0 2098 1200 14.54
6000 447 1 3930 3000 16.71
6000 447 2 5057 6000 19.65
6000 448 0 2904 1200 14.36
6000 448 1 13332 3000 17.29
6000 448 2 21053 6000 20.01
6000 449 0 3833 1200 15.12
6000 449 1 3195 3000 17.49
6000 449 2 4906 6000 20.02
6000 450 0 17212 1200 15.75
6000 450 1 10901 3000 17.39
6000 450 2 22752 6000 20.01
6000 451 0 3971 1200 15.23
6000 451 1 8629 3000 17.51
6000 451 2 7494 6000 19.59
6000 452 0 4285 1200 15.28
6000 452 1 7937 3000 17.43
6000 452 2 12871 6000 19.91
6000 453 0 2760 1200 15.43
6000 453 1 4722 3000 17.62
6000 453 2 6792 6000 19.95
6000 454 0 4682 1200 15.18
6000 454 1 7942 3000 17.16
6000 454 2 16848 6000 19.92
6000 455 0 4227 1200 15.33
6000 455 1 6037 3000 17.34
6000 455 2 8425 6000 19.83
6000 456 0 4570 1200 13.97
6000 456 1 13549 3000 16.76
6000 456 2 20113 6000 19.61
6000 457 0 5275 1200 13.93
6000 457 1 8282 3000 16.81
6000 457 2 9267 6000 19.44
6000 458 0 1651 1200 13.73
6000 458 1 4926 3000 16.54
6000 458 2 8758 6000 19.36
6000 459 0 3326 1200 13.81
6000 459 1 6062 3000 16.63
6000 459 2 8753 6000 19.35
6000 460 0 20583 1200 15.32
6000 460 1 3095 3000 15.69
6000 460 2 29775 6000 19.23
6000 461 0 1466 1200 15.22
6000 461 1 12231 3000 17.03
6000 461 2 2341 6000 19.00
6000 462 0 3757 1200 14.89
6000 462 1 7926 3000 16.90
6000 462 2 12801 6000 19.27
6000 463 0 2366 1200 14.90
6000 463 1 4119 3000 16.91
6000 463 2 6885 6000 19.30
6000 464 0 5040 1200 14.79
6000 464 1 7229 3000 16.37
6000 464 2 31474 6000 20.33
6000 465 0 4406 1200 15.34
6000 465 1 4601 3000 16.85
6000 465 2 7671 6000 20.25
6000 466 0 5266 1200 15.37
6000 466 1 10133 3000 17.66
6000 466 2 3973 6000 19.39
6000 467 0 7039 1200 14.76
6000 467 1 11888 3000 17.16
6000 467 2 22847 6000 20.00
6000 468 0 1600 1200 13.91
6000 468 1 8846 3000 16.54
6000 468 2 14185 6000 19.37
6000 469 0 3707 1200 14.69
6000 469 1 4967 3000 16.86
6000 469 2 7030 6000 19.45
6000 470 0 18163 1200 15.64
6000 470 1 2063 3000 15.92
6000 470 2 19579 6000 18.78
6000 471 0 2559 1200 14.92
6000 471 1 19150 3000 17.90
6000 471 2 1055 6000 18.43
6000 472 0 3677 1200 14.44
6000 472 1 5546 3000 16.40
6000 472 2 18734 6000 18.75
6000 473 0 3002 1200 14.58
6000 473 1 3041 3000 16.46
6000 473 2 4721 6000 18.70
6000 474 0 4908 1200 14.72
6000 474 1 12479 3000 17.20
6000 474 2 9395 6000 18.63
6000 475 0 3175 1200 14.73
6000 475 1 4024 3000 17.09
6000 475 2 10792 6000 19.09
6000 476 0 3443 1200 14.74
6000 476 1 7687 3000 17.18
6000 476 2 13249 6000 19.36
6000 477 0 4257 1200 15.00
6000 477 1 5764 3000 17.26
6000 477 2 8940 6000 19.37
6000 478 0 8838 1200 15.39
6000 478 1 8489 3000 17.53
6000 478 2 13743 6000 19.71
6000 479 0 6313 1200 14.31
6000 479 1 11736 3000 17.83
6000 479 2 12429 6000 19.88
6000 480 0 17115 1200 15.62
6000 480 1 760 3000 15.70
6000 480 2 26539 6000 19.55
6000 481 0 918 1200 15.24
6000 481 1 8031 3000 17.00
6000 481 2 2359 6000 19.12
6000 482 0 4511 1200 15.19
6000 482 1 9591 3000 17.25
6000 482 2 11652 6000 19.55
6000 483 0 2054 1200 15.25
6000 483 1 5710 3000 17.49
6000 483 2 6741 6000 19.65
6000 484 0 5950 1200 15.11
6000 484 1 11037 3000 17.24
6000 484 2 25913 6000 20.47
6000 485 0 2277 1200 14.93
6000 485 1 5047 3000 17.26
6000 485 2 6504 6000 20.29
6000 486 0 3812 1200 15.16
6000 486 1 6360 3000 17.28
6000 486 2 10664 6000 20.16
6000 487 0 3724 1200 15.29
6000 487 1 6161 3000 17.41
6000 487 2 9031 6000 20.04
6000 488 0 3630 1200 14.70
6000 488 1 11126 3000 17.24
6000 488 2 20844 6000 19.97
6000 489 0 2041 1200 14.89
6000 489 1 2495 3000 17.32
6000 489 2 3393 6000 19.92
6000 490 0 20379 1200 15.74
6000 490 1 8808 3000 16.94
6000 490 2 25597 6000 19.75
6000 491 0 1287 1200 15.40
6000 491 1 5511 3000 17.15
6000 491 2 4202 6000 19.58
6000 492 0 4980 1200 14.74
6000 492 1 16675 3000 17.87
6000 492 2 15172 6000 19.77
6000 493 0 4344 1200 15.02
6000 493 1 7026 3000 17.82
6000 493 2 8954 6000 19.85
6000 494 0 6999 1200 14.63
6000 494 1 10734 3000 16.89
6000 494 2 25252 6000 20.09
6000 495 0 2025 1200 14.65
6000 495 1 5234 3000 17.09
6000 495 2 6575 6000 20.05
6000 496 0 4162 1200 14.43
6000 496 1 6963 3000 16.36
6000 496 2 19450 6000 19.65
6000 497 0 2878 1200 14.67
6000 497 1 5148 3000 16.68
6000 497 2 6720 6000 19.62
6000 498 0 3525 1200 14.63
6000 498 1 6982 3000 16.81
6000 498 2 9320 6000 19.51
6000 499 0 3148 1200 14.75
6000 499 1 5065 3000 16.92
6000 499 2 8149 6000 19.58
6000 500 0 21866 1200 15.70
6000 500 1 7489 3000 16.61
6000 500 2 26035 6000 19.52
6000 501 0 1428 1200 15.56
6000 501 1 4329 3000 16.83
6000 501 2 3386 6000 19.38
6000 502 0 3314 1200 15.23
6000 502 1 11171 3000 17.42
6000 502 2 10734 6000 19.51
6000 503 0 3128 1200 15.48
6000 503 1 6028 3000 17.70
6000 503 2 9658 6000 19.94
6000 504 0 8601 1200 14.46
6000 504 1 13754 3000 16.61
6000 504 2 32518 6000 20.45
6000 505 0 1119 1200 14.44
6000 505 1 3619 3000 16.81
6000 505 2 3915 6000 20.25
6000 506 0 9911 1200 15.33
6000 506 1 6222 3000 16.90
6000 506 2 14996 6000 20.11
6000 507 0 5109 1200 14.30
6000 507 1 12434 3000 17.23
6000 507 2 10698 6000 19.50
6000 508 0 1315 1200 13.91
6000 508 1 7876 3000 17.01
6000 508 2 12762 6000 19.64
6000 509 0 4883 1200 14.02
6000 509 1 8096 3000 16.79
6000 509 2 12001 6000 19.48
6000 510 0 13184 1200 13.91
6000 510 1 9417 3000 15.75
6000 510 2 22644 6000 18.92
6000 511 0 2932 1200 13.85
6000 511 1 5726 3000 15.80
6000 511 2 7077 6000 18.64
6000 512 0 4551 1200 13.61
6000 512 1 8262 3000 15.55
6000 512 2 17265 6000 17.99
6000 513 0 1725 1200 13.69
6000 513 1 3031 3000 15.71
6000 513 2 3723 6000 18.05
6000 514 0 2265 1200 13.74
6000 514 1 4317 3000 15.82
6000 514 2 7237 6000 18.19
6000 515 0 5666 1200 14.63
6000 515 1 8380 3000 16.77
6000 515 2 11227 6000 18.93
6000 516 0 2706 1200 14.19
6000 516 1 10549 3000 16.88
6000 516 2 14876 6000 19.14
6000 517 0 4376 1200 14.60
6000 517 1 4563 3000 16.81
6000 517 2 8418 6000 19.15
6000 518 0 2697 1200 14.78
6000 518 1 7263 3000 17.23
6000 518 2 9492 6000 19.42
6000 519 0 4355 1200 14.94
6000 519 1 7150 3000 17.27
6000 519 2 10763 6000 19.56
6000 520 0 18013 1200 15.35
6000 520 1 8836 3000 16.64
6000 520 2 24703 6000 19.67
6000 521 0 5195 1200 14.80
6000 521 1 7631 3000 17.12
6000 521 2 4459 6000 18.77
6000 522 0 7569 1200 14.22
6000 522 1 13041 3000 16.53
6000 522 2 22543 6000 19.40
6000 523 0 1859 1200 14.36
6000 523 1 5858 3000 16.95
6000 523 2 6688 6000 19.40
6000 524 0 2551 1200 15.16
6000 524 1 4710 3000 17.25
6000 524 2 11232 6000 20.73
6000 525 0 6366 1200 15.31
6000 525 1 7902 3000 17.46
6000 525 2 11798 6000 20.15
6000 526 0 1386 1200 14.42
6000 526 1 7633 3000 17.10
6000 526 2 11149 6000 19.64
6000 527 0 3679 1200 14.59
6000 527 1 5249 3000 17.02
6000 527 2 8472 6000 19.59
6000 528 0 2718 1200 13.87
6000 528 1 9277 3000 16.21
6000 528 2 22382 6000 19.42
6000 529 0 4298 1200 14.36
6000 529 1 3417 3000 16.28
6000 529 2 5533 6000 19.30
6000 530 0 18536 1200 15.14
6000 530 1 5946 3000 15.97
6000 530 2 21026 6000 18.69
6000 531 0 1644 1200 15.07
6000 531 1 8985 3000 16.92
6000 531 2 2808 6000 18.57
6000 532 0 3894 1200 14.46
6000 532 1 11277 3000 16.74
6000 532 2 15796 6000 18.79
6000 533 0 4412 1200 14.78
6000 533 1 5483 3000 16.77
6000 533 2 9665 6000 19.15
6000 534 0 7578 1200 14.97
6000 534 1 6534 3000 16.74
6000 534 2 14473 6000 19.14
6000 535 0 3529 1200 14.57
6000 535 1 8479 3000 17.44
6000 535 2 8048 6000 19.38
6000 536 0 4020 1200 14.44
6000 536 1 8967 3000 16.77
6000 536 2 16556 6000 19.33
6000 537 0 3259 1200 14.37
6000 537 1 6840 3000 16.84
6000 537 2 9586 6000 19.17
6000 538 0 2977 1200 14.21
6000 538 1 7723 3000 16.78
6000 538 2 10848 6000 19.09
6000 539 0 3156 1200 14.29
6000 539 1 6662 3000 16.75
6000 539 2 10143 6000 19.07
6000 540 0 21299 1200 15.49
6000 540 1 1990 3000 15.75
6000 540 2 25885 6000 19.01
6000 541 0 1112 1200 15.41
6000 541 1 14993 3000 17.62
6000 541 2 998 6000 18.66
6000 542 0 3214 1200 14.93
6000 542 1 5896 3000 16.67
6000 542 2 18754 6000 19.12
6000 543 0 2816 1200 15.12
6000 543 1 5419 3000 16.99
6000 543 2 6357 6000 19.21
6000 544 0 4796 1200 15.20
6000 544 1 8426 3000 16.94
6000 544 2 15568 6000 19.12
6000 545 0 3563 1200 15.27
6000 545 1 4933 3000 16.98
6000 545 2 6801 6000 18.99
6000 546 0 3100 1200 15.26
6000 546 1 5980 3000 17.11
6000 546 2 7775 6000 18.98
6000 547 0 6150 1200 15.60
6000 547 1 8161 3000 17.49
6000 547 2 13570 6000 19.53
6000 548 0 5638 1200 15.37
6000 548 1 9907 3000 17.50
6000 548 2 12994 6000 19.82
6000 549 0 3910 1200 15.30
6000 549 1 7555 3000 17.42
6000 549 2 10433 6000 19.68
6000 550 0 17469 1200 15.64
6000 550 1 6120 3000 16.51
6000 550 2 23908 6000 19.61
6000 551 0 2974 1200 15.22
6000 551 1 9141 3000 16.97
6000 551 2 4602 6000 19.08
6000 552 0 4704 1200 14.13
6000 552 1 12086 3000 16.31
6000 552 2 26484 6000 19.91
6000 553 0 1503 1200 14.25
6000 553 1 2597 3000 16.47
6000 553 2 3027 6000 19.82
6000 554 0 3683 1200 14.27
6000 554 1 8018 3000 16.62
6000 554 2 12407 6000 19.80
6000 555 0 2271 1200 14.55
6000 555 1 5674 3000 16.83
6000 555 2 9934 6000 19.85
6000 556 0 7231 1200 15.10
6000 556 1 8416 3000 16.99
6000 556 2 16025 6000 19.89
6000 557 0 2500 1200 14.99
6000 557 1 5849 3000 17.16
6000 557 2 6907 6000 19.78
6000 558 0 3994 1200 14.91
6000 558 1 8651 3000 17.19
6000 558 2 11854 6000 19.72
6000 559 0 3417 1200 14.98
6000 559 1 6561 3000 17.26
6000 559 2 10296 6000 19.79
6000 560 0 15941 1200 15.51
6000 560 1 8406 3000 16.87
6000 560 2 24486 6000 19.90
6000 561 0 2817 1200 15.19
6000 561 1 7049 3000 17.33
6000 561 2 7359 6000 19.84
6000 562 0 4654 1200 15.32
6000 562 1 8401 3000 17.30
6000 562 2 15246 6000 19.85
6000 563 0 3422 1200 15.36
6000 563 1 5868 3000 17.42
6000 563 2 7107 6000 19.77
6000 564 0 6896 1200 14.90
6000 564 1 10577 3000 17.17
6000 564 2 14588 6000 19.49
6000 565 0 4606 1200 14.83
6000 565 1 8490 3000 17.07
6000 565 2 12273 6000 19.28
6000 566 0 2469 1200 14.62
6000 566 1 6473 3000 17.02
6000 566 2 10023 6000 19.32
6000 567 0 4471 1200 14.42
6000 567 1 9809 3000 17.12
6000 567 2 12646 6000 19.36
6000 568 0 2841 1200 13.88
6000 568 1 7021 3000 16.19
6000 568 2 20915 6000 19.35
6000 569 0 2259 1200 14.08
6000 569 1 3287 3000 16.26
6000 569 2 3744 6000 19.22
6000 570 0 19175 1200 15.78
6000 570 1 6867 3000 16.71
6000 570 2 19115 6000 18.99
6000 571 0 1591 1200 15.50
6000 571 1 6491 3000 17.01
6000 571 2 4422 6000 18.83
6000 572 0 4693 1200 14.70
6000 572 1 15164 3000 17.40
6000 572 2 15233 6000 19.17
6000 573 0 2636 1200 14.96
6000 573 1 3630 3000 17.46
6000 573 2 6537 6000 19.39
6000 574 0 5497 1200 15.24
6000 574 1 6616 3000 17.41
6000 574 2 10547 6000 19.44
6000 575 0 4143 1200 15.04
6000 575 1 7150 3000 17.41
6000 575 2 12501 6000 19.66
6000 576 0 7220 1200 14.46
6000 576 1 10296 3000 16.53
6000 576 2 22268 6000 19.78
6000 577 0 6803 1200 14.00
6000 577 1 10692 3000 16.58
6000 577 2 10959 6000 18.90
6000 578 0 2976 1200 13.67
6000 578 1 8153 3000 16.74
6000 578 2 10791 6000 19.32
6000 579 0 2702 1200 13.99
6000 579 1 7154 3000 16.71
6000 579 2 10368 6000 19.36
6000 580 0 17670 1200 15.64
6000 580 1 270 3000 15.68
6000 580 2 20292 6000 18.79
6000 581 0 1800 1200 14.74
6000 581 1 16629 3000 17.48
6000 581 2 1197 6000 18.32
6000 582 0 3362 1200 14.06
6000 582 1 4376 3000 15.85
6000 582 2 19196 6000 18.83
6000 583 0 1882 1200 14.21
6000 583 1 3748 3000 16.16
6000 583 2 3783 6000 18.85
6000 584 0 5152 1200 14.34
6000 584 1 11487 3000 16.84
6000 584 2 9695 6000 18.48
6000 585 0 2042 1200 14.37
6000 585 1 3507 3000 16.79
6000 585 2 5161 6000 18.53
6000 586 0 3606 1200 14.54
6000 586 1 7325 3000 17.03
6000 586 2 15157 6000 19.50
6000 587 0 5536 1200 15.04
6000 587 1 7240 3000 17.23
6000 587 2 11804 6000 19.63
6000 588 0 5515 1200 14.53
6000 588 1 12536 3000 17.39
6000 588 2 16465 6000 19.74
6000 589 0 6347 1200 14.38
6000 589 1 6631 3000 17.12
6000 589 2 13002 6000 19.97
6000 590 0 16708 1200 15.55
6000 590 1 2204 3000 15.86
6000 590 2 23404 6000 19.42
6000 591 0 1101 1200 15.03
6000 591 1 15085 3000 18.06
6000 591 2 1448 6000 19.02
6000 592 0 5916 1200 13.92
6000 592 1 10074 3000 16.22
6000 592 2 23982 6000 19.54
6000 593 0 1300 1200 13.96
6000 593 1 2602 3000 16.29
6000 593 2 3629 6000 19.46
6000 594 0 2757 1200 13.97
6000 594 1 5948 3000 16.37
6000 594 2 10381 6000 19.39
6000 595 0 4921 1200 14.57
6000 595 1 7969 3000 17.01
6000 595 2 10819 6000 19.70
6000 596 0 3788 1200 14.51
6000 596 1 9342 3000 17.01
6000 596 2 15378 6000 19.76
6000 597 0 3905 1200 14.59
6000 597 1 5517 3000 16.93
6000 597 2 9302 6000 19.64
6000 598 0 2997 1200 14.75
6000 598 1 6693 3000 17.11
6000 598 2 10660 6000 19.75
6000 599 0 5606 1200 14.83
6000 599 1 7377 3000 17.09
6000 599 2 14131 6000 19.80
6000 600 0 19097 1200 14.89
6000 600 1 10189 3000 16.22
6000 600 2 29926 6000 19.89
6000 601 0 2761 1200 14.81
6000 601 1 6525 3000 16.72
6000 601 2 4840 6000 19.53
6000 602 0 5780 1200 14.65
6000 602 1 8355 3000 16.69
6000 602 2 16707 6000 19.71
6000 603 0 4975 1200 14.53
6000 603 1 8901 3000 16.87
6000 603 2 9320 6000 19.40
6000 604 0 3361 1200 14.18
6000 604 1 8309 3000 16.51
6000 604 2 13870 6000 19.35
6000 605 0 3128 1200 14.41
6000 605 1 6163 3000 16.56
6000 605 2 9284 6000 19.26
6000 606 0 4421 1200 14.31
6000 606 1 7271 3000 16.46
6000 606 2 12504 6000 19.28
6000 607 0 4437 1200 14.07
6000 607 1 8579 3000 16.47
6000 607 2 11755 6000 19.17
6000 608 0 2403 1200 13.27
6000 608 1 7845 3000 15.49
6000 608 2 24091 6000 19.39
6000 609 0 1548 1200 13.55
6000 609 1 2658 3000 15.71
6000 609 2 3395 6000 19.30
6000 610 0 17993 1200 15.44
6000 610 1 397 3000 15.50
6000 610 2 22682 6000 18.85
6000 611 0 1706 1200 15.02
6000 611 1 13753 3000 17.27
6000 611 2 1283 6000 18.33
6000 612 0 3536 1200 13.70
6000 612 1 8428 3000 15.55
6000 612 2 23553 6000 19.16
6000 613 0 1831 1200 14.06
6000 613 1 3253 3000 15.90
6000 613 2 3064 6000 19.12
6000 614 0 4086 1200 14.61
6000 614 1 4477 3000 16.11
6000 614 2 9406 6000 19.27
6000 615 0 8100 1200 14.89
6000 615 1 9426 3000 17.06
6000 615 2 11885 6000 19.48
6000 616 0 4458 1200 14.34
6000 616 1 12498 3000 17.11
6000 616 2 17307 6000 19.63
6000 617 0 3347 1200 14.25
6000 617 1 7097 3000 17.40
6000 617 2 9108 6000 19.81
6000 618 0 2317 1200 14.60
6000 618 1 5704 3000 17.24
6000 618 2 9398 6000 19.80
6000 619 0 3872 1200 14.71
6000 619 1 6446 3000 17.26
6000 619 2 9735 6000 19.78
6000 620 0 14488 1200 15.80
6000 620 1 3711 3000 16.38
6000 620 2 23816 6000 19.97
6000 621 0 3921 1200 15.28
6000 621 1 11434 3000 17.45
6000 621 2 5698 6000 19.58
6000 622 0 3461 1200 14.42
6000 622 1 9991 3000 16.86
6000 622 2 20288 6000 20.00
6000 623 0 3544 1200 14.46
6000 623 1 5558 3000 16.82
6000 623 2 7661 6000 19.79
6000 624 0 4331 1200 13.42
6000 624 1 11355 3000 15.90
6000 624 2 23968 6000 19.67
6000 625 0 2078 1200 13.55
6000 625 1 3616 3000 16.04
6000 625 2 4305 6000 19.57
6000 626 0 2332 1200 13.71
6000 626 1 4794 3000 16.21
6000 626 2 6949 6000 19.60
6000 627 0 5639 1200 14.31
6000 627 1 6111 3000 16.52
6000 627 2 9250 6000 19.65
6000 628 0 3586 1200 14.27
6000 628 1 11159 3000 17.07
6000 628 2 15460 6000 20.01
6000 629 0 5626 1200 14.78
6000 629 1 6745 3000 17.27
6000 629 2 11437 6000 20.04
6000 630 0 18168 1200 15.81
6000 630 1 5202 3000 16.48
6000 630 2 25921 6000 19.88
